2021-01-18 00:03:15,382|Contract details extracted <class 'ibapi.contract.Contract'>
2021-01-18 00:03:15,528| historicalData:reqID:1, date:20210117  17:00:00, open:3750.0, high:3754.75, low:3746.5, close:3754.25, volume:2846
2021-01-18 00:03:15,528| historicalData:reqID:1, date:20210117  17:05:00, open:3754.25, high:3756.0, low:3753.75, close:3755.0, volume:959
2021-01-18 00:03:15,528| historicalData:reqID:1, date:20210117  17:10:00, open:3755.0, high:3758.5, low:3755.0, close:3758.0, volume:1559
2021-01-18 00:03:15,528| historicalData:reqID:1, date:20210117  17:15:00, open:3758.0, high:3758.5, low:3756.75, close:3757.25, volume:960
2021-01-18 00:03:15,529| historicalData:reqID:1, date:20210117  17:20:00, open:3757.25, high:3758.5, low:3755.5, close:3758.5, volume:745
2021-01-18 00:03:15,529| historicalData:reqID:1, date:20210117  17:25:00, open:3758.5, high:3760.0, low:3757.75, close:3759.25, volume:924
2021-01-18 00:03:15,529| historicalData:reqID:1, date:20210117  17:30:00, open:3759.5, high:3760.0, low:3757.0, close:3758.0, volume:802
2021-01-18 00:03:15,529| historicalData:reqID:1, date:20210117  17:35:00, open:3757.75, high:3757.75, low:3756.5, close:3757.0, volume:263
2021-01-18 00:03:15,529| historicalData:reqID:1, date:20210117  17:40:00, open:3757.0, high:3757.0, low:3752.75, close:3752.75, volume:828
2021-01-18 00:03:15,529| historicalData:reqID:1, date:20210117  17:45:00, open:3752.5, high:3754.25, low:3750.25, close:3750.75, volume:1561
2021-01-18 00:03:15,529| historicalData:reqID:1, date:20210117  17:50:00, open:3750.5, high:3751.5, low:3748.75, close:3750.0, volume:1511
2021-01-18 00:03:15,529| historicalData:reqID:1, date:20210117  17:55:00, open:3750.0, high:3751.75, low:3748.25, close:3749.75, volume:963
2021-01-18 00:03:15,529| historicalData:reqID:1, date:20210117  18:00:00, open:3749.5, high:3750.25, low:3740.5, close:3745.25, volume:3837
2021-01-18 00:03:15,529| historicalData:reqID:1, date:20210117  18:05:00, open:3745.0, high:3748.75, low:3743.25, close:3748.0, volume:1920
2021-01-18 00:03:15,529| historicalData:reqID:1, date:20210117  18:10:00, open:3748.25, high:3750.5, low:3748.0, close:3750.25, volume:1074
2021-01-18 00:03:15,529| historicalData:reqID:1, date:20210117  18:15:00, open:3750.25, high:3750.25, low:3747.25, close:3750.0, volume:1057
2021-01-18 00:03:15,529| historicalData:reqID:1, date:20210117  18:20:00, open:3749.75, high:3754.75, low:3749.0, close:3754.0, volume:1505
2021-01-18 00:03:15,530| historicalData:reqID:1, date:20210117  18:25:00, open:3753.75, high:3755.5, low:3752.75, close:3755.0, volume:1063
2021-01-18 00:03:15,530| historicalData:reqID:1, date:20210117  18:30:00, open:3754.75, high:3756.25, low:3752.75, close:3755.75, volume:1015
2021-01-18 00:03:15,530| historicalData:reqID:1, date:20210117  18:35:00, open:3756.0, high:3756.5, low:3754.0, close:3754.25, volume:897
2021-01-18 00:03:15,530| historicalData:reqID:1, date:20210117  18:40:00, open:3754.25, high:3754.75, low:3751.5, close:3754.5, volume:899
2021-01-18 00:03:15,530| historicalData:reqID:1, date:20210117  18:45:00, open:3754.5, high:3756.75, low:3754.5, close:3754.75, volume:753
2021-01-18 00:03:15,530| historicalData:reqID:1, date:20210117  18:50:00, open:3754.75, high:3756.0, low:3754.0, close:3756.0, volume:515
2021-01-18 00:03:15,530| historicalData:reqID:1, date:20210117  18:55:00, open:3755.75, high:3757.25, low:3755.25, close:3756.75, volume:678
2021-01-18 00:03:15,530| historicalData:reqID:1, date:20210117  19:00:00, open:3756.75, high:3757.75, low:3755.25, close:3757.25, volume:815
2021-01-18 00:03:15,530| historicalData:reqID:1, date:20210117  19:05:00, open:3757.25, high:3757.25, low:3754.25, close:3755.75, volume:803
2021-01-18 00:03:15,530| historicalData:reqID:1, date:20210117  19:10:00, open:3755.75, high:3756.0, low:3752.0, close:3752.5, volume:1007
2021-01-18 00:03:15,530| historicalData:reqID:1, date:20210117  19:15:00, open:3752.0, high:3753.75, low:3750.5, close:3751.75, volume:1181
2021-01-18 00:03:15,530| historicalData:reqID:1, date:20210117  19:20:00, open:3751.75, high:3753.25, low:3749.0, close:3750.0, volume:1315
2021-01-18 00:03:15,530| historicalData:reqID:1, date:20210117  19:25:00, open:3750.25, high:3752.0, low:3749.25, close:3751.0, volume:663
2021-01-18 00:03:15,530| historicalData:reqID:1, date:20210117  19:30:00, open:3751.0, high:3753.0, low:3751.0, close:3751.5, volume:986
2021-01-18 00:03:15,531| historicalData:reqID:1, date:20210117  19:35:00, open:3751.5, high:3751.5, low:3748.75, close:3751.0, volume:1011
2021-01-18 00:03:15,531| historicalData:reqID:1, date:20210117  19:40:00, open:3751.0, high:3752.75, low:3750.25, close:3752.5, volume:568
2021-01-18 00:03:15,531| historicalData:reqID:1, date:20210117  19:45:00, open:3752.5, high:3754.75, low:3751.5, close:3754.25, volume:1165
2021-01-18 00:03:15,531| historicalData:reqID:1, date:20210117  19:50:00, open:3754.0, high:3755.5, low:3753.5, close:3754.5, volume:665
2021-01-18 00:03:15,531| historicalData:reqID:1, date:20210117  19:55:00, open:3754.5, high:3754.5, low:3752.75, close:3753.25, volume:494
2021-01-18 00:03:15,531| historicalData:reqID:1, date:20210117  20:00:00, open:3753.25, high:3755.75, low:3752.5, close:3753.75, volume:993
2021-01-18 00:03:15,531| historicalData:reqID:1, date:20210117  20:05:00, open:3754.0, high:3754.0, low:3751.25, close:3752.25, volume:814
2021-01-18 00:03:15,531| historicalData:reqID:1, date:20210117  20:10:00, open:3752.25, high:3755.25, low:3751.0, close:3755.0, volume:870
2021-01-18 00:03:15,531| historicalData:reqID:1, date:20210117  20:15:00, open:3754.75, high:3755.25, low:3753.0, close:3755.0, volume:406
2021-01-18 00:03:15,531| historicalData:reqID:1, date:20210117  20:20:00, open:3755.0, high:3755.25, low:3753.25, close:3753.5, volume:265
2021-01-18 00:03:15,531| historicalData:reqID:1, date:20210117  20:25:00, open:3753.5, high:3754.0, low:3752.5, close:3753.75, volume:447
2021-01-18 00:03:15,531| historicalData:reqID:1, date:20210117  20:30:00, open:3753.75, high:3755.0, low:3751.0, close:3752.5, volume:909
2021-01-18 00:03:15,531| historicalData:reqID:1, date:20210117  20:35:00, open:3752.5, high:3753.75, low:3751.5, close:3753.0, volume:851
2021-01-18 00:03:15,531| historicalData:reqID:1, date:20210117  20:40:00, open:3752.75, high:3753.0, low:3751.25, close:3752.25, volume:380
2021-01-18 00:03:15,532| historicalData:reqID:1, date:20210117  20:45:00, open:3752.0, high:3754.25, low:3750.0, close:3754.25, volume:910
2021-01-18 00:03:15,532| historicalData:reqID:1, date:20210117  20:50:00, open:3754.25, high:3755.0, low:3753.5, close:3754.0, volume:472
2021-01-18 00:03:15,532| historicalData:reqID:1, date:20210117  20:55:00, open:3754.0, high:3754.5, low:3753.25, close:3753.5, volume:182
2021-01-18 00:03:15,532| historicalData:reqID:1, date:20210117  21:00:00, open:3753.75, high:3754.0, low:3753.25, close:3753.75, volume:215
2021-01-18 00:03:15,532| historicalData:reqID:1, date:20210117  21:05:00, open:3753.75, high:3754.0, low:3752.0, close:3752.0, volume:237
2021-01-18 00:03:15,532| historicalData:reqID:1, date:20210117  21:10:00, open:3752.0, high:3753.25, low:3751.0, close:3753.0, volume:349
2021-01-18 00:03:15,532| historicalData:reqID:1, date:20210117  21:15:00, open:3752.75, high:3752.75, low:3751.5, close:3752.5, volume:293
2021-01-18 00:03:15,532| historicalData:reqID:1, date:20210117  21:20:00, open:3752.5, high:3753.0, low:3751.0, close:3752.0, volume:329
2021-01-18 00:03:15,532| historicalData:reqID:1, date:20210117  21:25:00, open:3751.75, high:3753.0, low:3751.5, close:3751.75, volume:192
2021-01-18 00:03:15,532| historicalData:reqID:1, date:20210117  21:30:00, open:3751.75, high:3752.75, low:3750.0, close:3752.75, volume:538
2021-01-18 00:03:15,532| historicalData:reqID:1, date:20210117  21:35:00, open:3752.5, high:3755.5, low:3752.25, close:3754.75, volume:804
2021-01-18 00:03:15,532| historicalData:reqID:1, date:20210117  21:40:00, open:3754.75, high:3755.25, low:3754.25, close:3755.25, volume:470
2021-01-18 00:03:15,532| historicalData:reqID:1, date:20210117  21:45:00, open:3755.25, high:3755.25, low:3753.75, close:3754.0, volume:419
2021-01-18 00:03:15,532| historicalData:reqID:1, date:20210117  21:50:00, open:3754.0, high:3754.5, low:3752.75, close:3753.5, volume:292
2021-01-18 00:03:15,532| historicalData:reqID:1, date:20210117  21:55:00, open:3753.5, high:3754.75, low:3753.25, close:3754.25, volume:311
2021-01-18 00:03:15,532| historicalData:reqID:1, date:20210117  22:00:00, open:3754.25, high:3754.75, low:3753.75, close:3754.0, volume:199
2021-01-18 00:03:15,532| historicalData:reqID:1, date:20210117  22:05:00, open:3754.25, high:3754.75, low:3753.5, close:3754.75, volume:173
2021-01-18 00:03:15,532| historicalData:reqID:1, date:20210117  22:10:00, open:3754.5, high:3754.5, low:3753.0, close:3753.25, volume:218
2021-01-18 00:03:15,532| historicalData:reqID:1, date:20210117  22:15:00, open:3753.0, high:3753.25, low:3752.5, close:3753.0, volume:234
2021-01-18 00:03:15,533| historicalData:reqID:1, date:20210117  22:20:00, open:3753.0, high:3753.25, low:3752.75, close:3753.0, volume:128
2021-01-18 00:03:15,533| historicalData:reqID:1, date:20210117  22:25:00, open:3752.75, high:3752.75, low:3750.5, close:3752.25, volume:641
2021-01-18 00:03:15,533| historicalData:reqID:1, date:20210117  22:30:00, open:3752.25, high:3753.25, low:3751.75, close:3753.25, volume:467
2021-01-18 00:03:15,533| historicalData:reqID:1, date:20210117  22:35:00, open:3753.25, high:3753.5, low:3752.75, close:3753.0, volume:220
2021-01-18 00:03:15,533| historicalData:reqID:1, date:20210117  22:40:00, open:3753.0, high:3753.5, low:3752.75, close:3753.25, volume:113
2021-01-18 00:03:15,533| historicalData:reqID:1, date:20210117  22:45:00, open:3753.25, high:3753.25, low:3752.75, close:3753.25, volume:98
2021-01-18 00:03:15,533| historicalData:reqID:1, date:20210117  22:50:00, open:3753.25, high:3753.5, low:3752.5, close:3752.75, volume:212
2021-01-18 00:03:15,533| historicalData:reqID:1, date:20210117  22:55:00, open:3752.75, high:3754.5, low:3752.5, close:3754.0, volume:321
2021-01-18 00:03:15,533| historicalData:reqID:1, date:20210117  23:00:00, open:3753.75, high:3754.25, low:3753.0, close:3753.75, volume:261
2021-01-18 00:03:15,533| historicalData:reqID:1, date:20210117  23:05:00, open:3753.75, high:3754.0, low:3751.75, close:3753.25, volume:386
2021-01-18 00:03:15,533| historicalData:reqID:1, date:20210117  23:10:00, open:3753.0, high:3754.5, low:3753.0, close:3754.5, volume:217
2021-01-18 00:03:15,533| historicalData:reqID:1, date:20210117  23:15:00, open:3754.5, high:3755.5, low:3754.0, close:3754.5, volume:503
2021-01-18 00:03:15,533| historicalData:reqID:1, date:20210117  23:20:00, open:3754.5, high:3754.5, low:3753.25, close:3753.25, volume:270
2021-01-18 00:03:15,533| historicalData:reqID:1, date:20210117  23:25:00, open:3753.5, high:3755.0, low:3753.5, close:3754.75, volume:181
2021-01-18 00:03:15,533| historicalData:reqID:1, date:20210117  23:30:00, open:3754.5, high:3755.5, low:3754.25, close:3755.0, volume:287
2021-01-18 00:03:15,533| historicalData:reqID:1, date:20210117  23:35:00, open:3755.0, high:3757.75, low:3755.0, close:3757.25, volume:554
2021-01-18 00:03:15,533| historicalData:reqID:1, date:20210117  23:40:00, open:3757.25, high:3758.0, low:3757.25, close:3757.5, volume:452
2021-01-18 00:03:15,533| historicalData:reqID:1, date:20210117  23:45:00, open:3757.25, high:3757.5, low:3756.25, close:3757.25, volume:264
2021-01-18 00:03:15,533| historicalData:reqID:1, date:20210117  23:50:00, open:3757.25, high:3758.0, low:3757.0, close:3757.25, volume:300
2021-01-18 00:03:15,534| historicalData:reqID:1, date:20210117  23:55:00, open:3757.5, high:3757.75, low:3756.5, close:3757.25, volume:313
2021-01-18 00:03:15,534| historicalData:reqID:1, date:20210118  00:00:00, open:3757.0, high:3757.5, low:3756.0, close:3756.25, volume:229
2021-01-18 00:03:20,386|last 5 mins data: 
2021-01-18 00:04:33,555|Contract details extracted 0,ES,FUT,202103,0.0,,,GLOBEX,,USD,,,False,,combo:
2021-01-18 00:04:38,558|last 5 mins data: {'Date': '20210118  00:00:00', 'Open': 3757.0, 'High': 3757.5, 'Low': 3755.75, 'Close': 3756.5, 'Volume': 379}
2021-01-18 00:09:48,976|Contract details extracted 0,ES,FUT,202103,0.0,,,GLOBEX,,USD,,,False,,combo:
2021-01-18 00:09:53,984|last 5 mins data: {'Date': '20210118  00:05:00', 'Open': 3756.25, 'High': 3756.25, 'Low': 3754.0, 'Close': 3755.0, 'Volume': 516}
2021-01-18 00:25:01,813|Contract details extracted 0,ES,FUT,202103,0.0,,,GLOBEX,,USD,,,False,,combo:
2021-01-18 00:25:06,819|last 5 mins data: {'Date': '20210118  00:20:00', 'Open': 3755.25, 'High': 3756.0, 'Low': 3754.75, 'Close': 3755.75, 'Volume': 170}
2021-01-18 00:30:06,825|Contract details extracted 0,ES,FUT,202103,0.0,,,GLOBEX,,USD,,,False,,combo:
2021-01-18 00:30:11,830|last 5 mins data: {'Date': '20210118  00:30:00', 'Open': 3756.5, 'High': 3756.5, 'Low': 3756.5, 'Close': 3756.5, 'Volume': 6}
2021-01-18 00:35:11,825|Contract details extracted 0,ES,FUT,202103,0.0,,,GLOBEX,,USD,,,False,,combo:
2021-01-18 00:35:16,828|last 5 mins data: {'Date': '20210118  00:35:00', 'Open': 3756.5, 'High': 3756.5, 'Low': 3756.5, 'Close': 3756.5, 'Volume': 0}
2021-01-18 10:12:13,553|Contract details extracted 0,ES,FUT,202103,0.0,,,GLOBEX,,USD,,,False,,combo:
2021-01-18 10:12:18,560|last 5 mins data: {'Date': '20210118  10:10:00', 'Open': 3766.0, 'High': 3766.25, 'Low': 3765.75, 'Close': 3766.0, 'Volume': 188}
2021-01-18 10:17:18,561|Contract details extracted 0,ES,FUT,202103,0.0,,,GLOBEX,,USD,,,False,,combo:
2021-01-18 10:17:23,567|last 5 mins data: {'Date': '20210118  10:15:00', 'Open': 3766.0, 'High': 3766.0, 'Low': 3765.5, 'Close': 3765.5, 'Volume': 239}
2021-01-18 10:22:23,570|Contract details extracted 0,ES,FUT,202103,0.0,,,GLOBEX,,USD,,,False,,combo:
2021-01-18 10:22:28,573|last 5 mins data: {'Date': '20210118  10:20:00', 'Open': 3765.25, 'High': 3766.0, 'Low': 3765.25, 'Close': 3766.0, 'Volume': 439}
2021-01-18 10:27:28,578|Contract details extracted 0,ES,FUT,202103,0.0,,,GLOBEX,,USD,,,False,,combo:
2021-01-18 10:27:33,585|last 5 mins data: {'Date': '20210118  10:25:00', 'Open': 3765.75, 'High': 3766.0, 'Low': 3765.75, 'Close': 3766.0, 'Volume': 374}
2021-01-18 10:32:33,587|Contract details extracted 0,ES,FUT,202103,0.0,,,GLOBEX,,USD,,,False,,combo:
2021-01-18 10:32:38,594|last 5 mins data: {'Date': '20210118  10:30:00', 'Open': 3765.75, 'High': 3767.5, 'Low': 3765.5, 'Close': 3767.25, 'Volume': 691}
2021-01-18 10:34:48,843|Contract details extracted 0,ES,FUT,202103,0.0,,,GLOBEX,,USD,,,False,,combo:
2021-01-18 10:34:53,850|last 5 mins data: {'Date': '20210118  10:30:00', 'Open': 3765.75, 'High': 3768.25, 'Low': 3765.5, 'Close': 3767.25, 'Volume': 1830}
2021-01-18 10:39:53,854|Contract details extracted 0,ES,FUT,202103,0.0,,,GLOBEX,,USD,,,False,,combo:
2021-01-18 10:39:58,858|last 5 mins data: {'Date': '20210118  10:35:00', 'Open': 3767.0, 'High': 3767.75, 'Low': 3767.0, 'Close': 3767.5, 'Volume': 592}
2021-01-18 10:44:58,861|Contract details extracted 0,ES,FUT,202103,0.0,,,GLOBEX,,USD,,,False,,combo:
2021-01-18 10:45:03,865|last 5 mins data: {'Date': '20210118  10:40:00', 'Open': 3767.5, 'High': 3767.5, 'Low': 3765.5, 'Close': 3765.75, 'Volume': 524}
2021-01-18 10:50:03,873|Contract details extracted 0,ES,FUT,202103,0.0,,,GLOBEX,,USD,,,False,,combo:
2021-01-18 10:50:08,878|last 5 mins data: {'Date': '20210118  10:45:00', 'Open': 3765.75, 'High': 3766.25, 'Low': 3765.5, 'Close': 3766.0, 'Volume': 325}
2021-01-18 10:55:08,882|Contract details extracted 0,ES,FUT,202103,0.0,,,GLOBEX,,USD,,,False,,combo:
2021-01-18 10:55:13,889|last 5 mins data: {'Date': '20210118  10:55:00', 'Open': 3766.5, 'High': 3766.5, 'Low': 3766.25, 'Close': 3766.25, 'Volume': 2}
2021-01-18 11:00:13,900|Contract details extracted 0,ES,FUT,202103,0.0,,,GLOBEX,,USD,,,False,,combo:
2021-01-18 11:00:18,910|last 5 mins data: {'Date': '20210118  11:00:00', 'Open': 3767.0, 'High': 3767.25, 'Low': 3767.0, 'Close': 3767.25, 'Volume': 34}
2021-01-18 11:05:18,913|Contract details extracted 0,ES,FUT,202103,0.0,,,GLOBEX,,USD,,,False,,combo:
2021-01-18 11:05:23,916|last 5 mins data: {'Date': '20210118  11:05:00', 'Open': 3767.5, 'High': 3767.75, 'Low': 3767.5, 'Close': 3767.75, 'Volume': 18}
2021-01-18 11:10:23,926|Contract details extracted 0,ES,FUT,202103,0.0,,,GLOBEX,,USD,,,False,,combo:
2021-01-18 11:10:28,932|last 5 mins data: {'Date': '20210118  11:10:00', 'Open': 3766.75, 'High': 3767.0, 'Low': 3766.75, 'Close': 3767.0, 'Volume': 2}
2021-01-18 11:15:28,937|Contract details extracted 0,ES,FUT,202103,0.0,,,GLOBEX,,USD,,,False,,combo:
2021-01-18 11:15:33,950|last 5 mins data: {'Date': '20210118  11:15:00', 'Open': 3766.75, 'High': 3766.75, 'Low': 3766.75, 'Close': 3766.75, 'Volume': 45}
2021-01-18 11:20:33,959|Contract details extracted 0,ES,FUT,202103,0.0,,,GLOBEX,,USD,,,False,,combo:
2021-01-18 11:20:38,970|last 5 mins data: {'Date': '20210118  11:20:00', 'Open': 3766.75, 'High': 3767.0, 'Low': 3766.75, 'Close': 3767.0, 'Volume': 7}
2021-01-18 11:25:38,976|Contract details extracted 0,ES,FUT,202103,0.0,,,GLOBEX,,USD,,,False,,combo:
2021-01-18 11:25:43,982|last 5 mins data: {'Date': '20210118  11:25:00', 'Open': 3766.75, 'High': 3767.0, 'Low': 3766.75, 'Close': 3767.0, 'Volume': 23}
2021-01-18 11:30:43,987|Contract details extracted 0,ES,FUT,202103,0.0,,,GLOBEX,,USD,,,False,,combo:
2021-01-18 11:30:48,992|last 5 mins data: {'Date': '20210118  11:30:00', 'Open': 3765.25, 'High': 3765.75, 'Low': 3765.25, 'Close': 3765.75, 'Volume': 90}
2021-01-18 11:35:48,995|Contract details extracted 0,ES,FUT,202103,0.0,,,GLOBEX,,USD,,,False,,combo:
2021-01-18 11:35:54,004|last 5 mins data: {'Date': '20210118  11:35:00', 'Open': 3765.75, 'High': 3766.0, 'Low': 3765.75, 'Close': 3766.0, 'Volume': 40}
2021-01-18 11:40:54,008|Contract details extracted 0,ES,FUT,202103,0.0,,,GLOBEX,,USD,,,False,,combo:
2021-01-18 11:40:59,018|last 5 mins data: {'Date': '20210118  11:40:00', 'Open': 3766.0, 'High': 3766.5, 'Low': 3766.0, 'Close': 3766.25, 'Volume': 59}
2021-01-18 11:42:50,794|ERROR -1 2103 Market data farm connection is broken:hfarm
2021-01-18 11:42:53,446|ERROR -1 2104 Market data farm connection is OK:hfarm
2021-01-18 11:43:22,325|ERROR -1 2103 Market data farm connection is broken:jfarm
2021-01-18 11:43:23,842|ERROR -1 2103 Market data farm connection is broken:hfarm
2021-01-18 11:43:25,156|ERROR -1 2104 Market data farm connection is OK:jfarm
2021-01-18 11:43:29,273|ERROR -1 2104 Market data farm connection is OK:hfarm
2021-01-18 11:45:59,027|Contract details extracted 0,ES,FUT,202103,0.0,,,GLOBEX,,USD,,,False,,combo:
2021-01-18 11:46:04,038|last 5 mins data: {'Date': '20210118  11:45:00', 'Open': 3766.5, 'High': 3767.25, 'Low': 3766.25, 'Close': 3766.5, 'Volume': 121}
2021-01-18 11:51:04,048|Contract details extracted 0,ES,FUT,202103,0.0,,,GLOBEX,,USD,,,False,,combo:
2021-01-18 11:51:09,055|last 5 mins data: {'Date': '20210118  11:50:00', 'Open': 3766.75, 'High': 3767.25, 'Low': 3766.5, 'Close': 3767.0, 'Volume': 40}
2021-01-18 11:56:09,059|Contract details extracted 0,ES,FUT,202103,0.0,,,GLOBEX,,USD,,,False,,combo:
2021-01-18 11:56:14,064|last 5 mins data: {'Date': '20210118  11:55:00', 'Open': 3768.25, 'High': 3769.0, 'Low': 3768.0, 'Close': 3768.75, 'Volume': 367}
2021-01-18 12:01:14,067|Contract details extracted 0,ES,FUT,202103,0.0,,,GLOBEX,,USD,,,False,,combo:
2021-01-18 12:01:19,073|last 5 mins data: {'Date': '20210118  11:55:00', 'Open': 3768.25, 'High': 3769.0, 'Low': 3766.75, 'Close': 3768.5, 'Volume': 2175}
2021-01-18 12:06:19,081|Contract details extracted 0,ES,FUT,202103,0.0,,,GLOBEX,,USD,,,False,,combo:
2021-01-18 12:06:24,094|last 5 mins data: {'Date': '20210118  11:55:00', 'Open': 3768.25, 'High': 3769.0, 'Low': 3766.75, 'Close': 3768.5, 'Volume': 2175}
2021-01-18 12:11:24,102|Contract details extracted 0,ES,FUT,202103,0.0,,,GLOBEX,,USD,,,False,,combo:
2021-01-18 12:11:29,114|last 5 mins data: {'Date': '20210118  11:55:00', 'Open': 3768.25, 'High': 3769.0, 'Low': 3766.75, 'Close': 3768.5, 'Volume': 2175}
2021-01-18 12:16:29,123|Contract details extracted 0,ES,FUT,202103,0.0,,,GLOBEX,,USD,,,False,,combo:
2021-01-18 12:16:34,128|last 5 mins data: {'Date': '20210118  11:55:00', 'Open': 3768.25, 'High': 3769.0, 'Low': 3766.75, 'Close': 3768.5, 'Volume': 2175}
2021-01-18 12:21:34,134|Contract details extracted 0,ES,FUT,202103,0.0,,,GLOBEX,,USD,,,False,,combo:
2021-01-18 12:21:39,145|last 5 mins data: {'Date': '20210118  11:55:00', 'Open': 3768.25, 'High': 3769.0, 'Low': 3766.75, 'Close': 3768.5, 'Volume': 2175}
2021-01-18 12:26:39,153|Contract details extracted 0,ES,FUT,202103,0.0,,,GLOBEX,,USD,,,False,,combo:
2021-01-18 12:26:44,161|last 5 mins data: {'Date': '20210118  11:55:00', 'Open': 3768.25, 'High': 3769.0, 'Low': 3766.75, 'Close': 3768.5, 'Volume': 2175}
2021-01-18 12:31:36,128|ERROR 3 202 Order Canceled - reason:
2021-01-18 12:31:44,164|Contract details extracted 0,ES,FUT,202103,0.0,,,GLOBEX,,USD,,,False,,combo:
2021-01-18 12:31:49,176|last 5 mins data: {'Date': '20210118  11:55:00', 'Open': 3768.25, 'High': 3769.0, 'Low': 3766.75, 'Close': 3768.5, 'Volume': 2175}
2021-01-18 12:36:49,183|Contract details extracted 0,ES,FUT,202103,0.0,,,GLOBEX,,USD,,,False,,combo:
2021-01-18 12:36:54,196|last 5 mins data: {'Date': '20210118  11:55:00', 'Open': 3768.25, 'High': 3769.0, 'Low': 3766.75, 'Close': 3768.5, 'Volume': 2175}
2021-01-18 12:41:54,207|Contract details extracted 0,ES,FUT,202103,0.0,,,GLOBEX,,USD,,,False,,combo:
2021-01-18 12:41:59,211|last 5 mins data: {'Date': '20210118  11:55:00', 'Open': 3768.25, 'High': 3769.0, 'Low': 3766.75, 'Close': 3768.5, 'Volume': 2175}
2021-01-18 12:46:59,218|Contract details extracted 0,ES,FUT,202103,0.0,,,GLOBEX,,USD,,,False,,combo:
2021-01-18 12:46:59,219|ERROR 1 504 Not connected
2021-01-18 12:47:04,228|last 5 mins data: {'Date': '20210118  11:55:00', 'Open': 3768.25, 'High': 3769.0, 'Low': 3766.75, 'Close': 3768.5, 'Volume': 2175}
2021-01-18 12:52:04,236|Contract details extracted 0,ES,FUT,202103,0.0,,,GLOBEX,,USD,,,False,,combo:
2021-01-18 12:52:04,236|ERROR 1 504 Not connected
2021-01-18 12:52:09,243|last 5 mins data: {'Date': '20210118  11:55:00', 'Open': 3768.25, 'High': 3769.0, 'Low': 3766.75, 'Close': 3768.5, 'Volume': 2175}
2021-01-18 12:57:09,254|Contract details extracted 0,ES,FUT,202103,0.0,,,GLOBEX,,USD,,,False,,combo:
2021-01-18 12:57:09,254|ERROR 1 504 Not connected
2021-01-18 12:57:14,261|last 5 mins data: {'Date': '20210118  11:55:00', 'Open': 3768.25, 'High': 3769.0, 'Low': 3766.75, 'Close': 3768.5, 'Volume': 2175}
2021-01-18 13:04:16,965|Contract details extracted 0,ES,FUT,202103,0.0,,,GLOBEX,,USD,,,False,,combo:
2021-01-18 13:04:16,965|ERROR 1 504 Not connected
2021-01-18 13:05:31,018|Contract details extracted 0,ES,FUT,202103,0.0,,,GLOBEX,,USD,,,False,,combo:
2021-01-18 13:05:36,033|last 5 mins data: {'Date': '20210118  11:50:00', 'Open': 3766.75, 'High': 3768.25, 'Low': 3766.5, 'Close': 3768.0, 'Volume': 614}
2021-01-18 13:10:36,037|Contract details extracted 0,ES,FUT,202103,0.0,,,GLOBEX,,USD,,,False,,combo:
2021-01-18 13:10:41,050|last 5 mins data: {'Date': '20210118  11:50:00', 'Open': 3766.75, 'High': 3768.25, 'Low': 3766.5, 'Close': 3768.0, 'Volume': 614}
2021-01-18 20:48:00,000|Contract details extracted 0,ES,FUT,202103,0.0,,,GLOBEX,,USD,,,False,,combo:
2021-01-18 20:48:05,006|last 5 mins data: {'Date': '20210118  20:40:00', 'Open': 3781.5, 'High': 3783.5, 'Low': 3781.5, 'Close': 3782.75, 'Volume': 592}
2021-01-18 20:49:00,000|Contract details extracted 0,ES,FUT,202103,0.0,,,GLOBEX,,USD,,,False,,combo:
2021-01-18 20:49:05,005|last 5 mins data: {'Date': '20210118  20:40:00', 'Open': 3781.5, 'High': 3783.5, 'Low': 3781.5, 'Close': 3782.75, 'Volume': 592}
2021-01-18 20:50:00,000|Contract details extracted 0,ES,FUT,202103,0.0,,,GLOBEX,,USD,,,False,,combo:
2021-01-18 20:50:05,005|last 5 mins data: {'Date': '20210118  20:40:00', 'Open': 3781.5, 'High': 3783.5, 'Low': 3781.5, 'Close': 3782.75, 'Volume': 592}
2021-01-18 20:50:46,000|Contract details extracted 0,ES,FUT,202103,0.0,,,GLOBEX,,USD,,,False,,combo:
2021-01-18 20:50:51,007|last 5 mins data: {'Date': '20210118  20:45:00', 'Open': 3782.75, 'High': 3783.0, 'Low': 3782.0, 'Close': 3782.5, 'Volume': 334}
2021-01-18 20:50:52,000|Contract details extracted 0,ES,FUT,202103,0.0,,,GLOBEX,,USD,,,False,,combo:
2021-01-18 20:50:57,003|last 5 mins data: {'Date': '20210118  20:45:00', 'Open': 3782.75, 'High': 3783.0, 'Low': 3782.0, 'Close': 3782.5, 'Volume': 334}
2021-01-18 20:50:58,000|Contract details extracted 0,ES,FUT,202103,0.0,,,GLOBEX,,USD,,,False,,combo:
2021-01-18 20:51:03,004|last 5 mins data: {'Date': '20210118  20:45:00', 'Open': 3782.75, 'High': 3783.0, 'Low': 3782.0, 'Close': 3782.5, 'Volume': 334}
2021-01-18 20:55:00,000|Contract details extracted 0,ES,FUT,202103,0.0,,,GLOBEX,,USD,,,False,,combo:
2021-01-18 20:55:05,007|last 5 mins data: {'Date': '20210118  20:45:00', 'Open': 3782.75, 'High': 3783.0, 'Low': 3782.0, 'Close': 3782.5, 'Volume': 334}
2021-01-18 20:55:06,000|Contract details extracted 0,ES,FUT,202103,0.0,,,GLOBEX,,USD,,,False,,combo:
2021-01-18 20:55:11,006|last 5 mins data: {'Date': '20210118  20:50:00', 'Open': 3782.5, 'High': 3783.5, 'Low': 3782.25, 'Close': 3783.25, 'Volume': 344}
2021-01-18 20:55:12,000|Contract details extracted 0,ES,FUT,202103,0.0,,,GLOBEX,,USD,,,False,,combo:
2021-01-18 20:55:17,006|last 5 mins data: {'Date': '20210118  20:50:00', 'Open': 3782.5, 'High': 3783.5, 'Low': 3782.25, 'Close': 3783.25, 'Volume': 344}
2021-01-18 20:55:18,000|Contract details extracted 0,ES,FUT,202103,0.0,,,GLOBEX,,USD,,,False,,combo:
2021-01-18 20:55:23,006|last 5 mins data: {'Date': '20210118  20:50:00', 'Open': 3782.5, 'High': 3783.5, 'Low': 3782.25, 'Close': 3783.25, 'Volume': 344}
2021-01-18 20:55:24,000|Contract details extracted 0,ES,FUT,202103,0.0,,,GLOBEX,,USD,,,False,,combo:
2021-01-18 20:55:29,003|last 5 mins data: {'Date': '20210118  20:50:00', 'Open': 3782.5, 'High': 3783.5, 'Low': 3782.25, 'Close': 3783.25, 'Volume': 344}
2021-01-18 20:55:30,000|Contract details extracted 0,ES,FUT,202103,0.0,,,GLOBEX,,USD,,,False,,combo:
2021-01-18 20:55:35,005|last 5 mins data: {'Date': '20210118  20:50:00', 'Open': 3782.5, 'High': 3783.5, 'Low': 3782.25, 'Close': 3783.25, 'Volume': 344}
2021-01-18 20:55:36,000|Contract details extracted 0,ES,FUT,202103,0.0,,,GLOBEX,,USD,,,False,,combo:
2021-01-18 20:55:41,006|last 5 mins data: {'Date': '20210118  20:50:00', 'Open': 3782.5, 'High': 3783.5, 'Low': 3782.25, 'Close': 3783.25, 'Volume': 344}
2021-01-18 20:55:42,000|Contract details extracted 0,ES,FUT,202103,0.0,,,GLOBEX,,USD,,,False,,combo:
2021-01-18 20:55:47,006|last 5 mins data: {'Date': '20210118  20:50:00', 'Open': 3782.5, 'High': 3783.5, 'Low': 3782.25, 'Close': 3783.25, 'Volume': 344}
2021-01-18 20:55:48,000|Contract details extracted 0,ES,FUT,202103,0.0,,,GLOBEX,,USD,,,False,,combo:
2021-01-18 20:55:53,006|last 5 mins data: {'Date': '20210118  20:50:00', 'Open': 3782.5, 'High': 3783.5, 'Low': 3782.25, 'Close': 3783.25, 'Volume': 344}
2021-01-18 20:55:54,000|Contract details extracted 0,ES,FUT,202103,0.0,,,GLOBEX,,USD,,,False,,combo:
2021-01-18 20:55:59,004|last 5 mins data: {'Date': '20210118  20:50:00', 'Open': 3782.5, 'High': 3783.5, 'Low': 3782.25, 'Close': 3783.25, 'Volume': 344}
2021-01-18 21:00:00,000|Contract details extracted 0,ES,FUT,202103,0.0,,,GLOBEX,,USD,,,False,,combo:
2021-01-18 21:00:05,007|last 5 mins data: {'Date': '20210118  20:50:00', 'Open': 3782.5, 'High': 3783.5, 'Low': 3782.25, 'Close': 3783.25, 'Volume': 344}
2021-01-18 21:00:05,007|Contract details extracted 0,ES,FUT,202103,0.0,,,GLOBEX,,USD,,,False,,combo:
2021-01-18 21:00:10,032|last 5 mins data: {'Date': '20210118  20:50:00', 'Open': 3782.5, 'High': 3783.5, 'Low': 3782.25, 'Close': 3783.25, 'Volume': 344}
2021-01-18 21:00:10,033|Contract details extracted 0,ES,FUT,202103,0.0,,,GLOBEX,,USD,,,False,,combo:
2021-01-18 21:00:15,038|last 5 mins data: {'Date': '20210118  20:55:00', 'Open': 3783.0, 'High': 3783.5, 'Low': 3782.75, 'Close': 3783.25, 'Volume': 211}
2021-01-18 21:00:15,039|Contract details extracted 0,ES,FUT,202103,0.0,,,GLOBEX,,USD,,,False,,combo:
2021-01-18 21:00:20,044|last 5 mins data: {'Date': '20210118  20:55:00', 'Open': 3783.0, 'High': 3783.5, 'Low': 3782.75, 'Close': 3783.25, 'Volume': 211}
2021-01-18 21:00:20,044|Contract details extracted 0,ES,FUT,202103,0.0,,,GLOBEX,,USD,,,False,,combo:
2021-01-18 21:00:25,050|last 5 mins data: {'Date': '20210118  20:55:00', 'Open': 3783.0, 'High': 3783.5, 'Low': 3782.75, 'Close': 3783.25, 'Volume': 211}
2021-01-18 21:00:25,050|Contract details extracted 0,ES,FUT,202103,0.0,,,GLOBEX,,USD,,,False,,combo:
2021-01-18 21:00:30,055|last 5 mins data: {'Date': '20210118  20:55:00', 'Open': 3783.0, 'High': 3783.5, 'Low': 3782.75, 'Close': 3783.25, 'Volume': 211}
2021-01-18 21:00:30,056|Contract details extracted 0,ES,FUT,202103,0.0,,,GLOBEX,,USD,,,False,,combo:
2021-01-18 21:00:35,062|last 5 mins data: {'Date': '20210118  20:55:00', 'Open': 3783.0, 'High': 3783.5, 'Low': 3782.75, 'Close': 3783.25, 'Volume': 211}
2021-01-18 21:00:35,062|Contract details extracted 0,ES,FUT,202103,0.0,,,GLOBEX,,USD,,,False,,combo:
2021-01-18 21:00:40,068|last 5 mins data: {'Date': '20210118  20:55:00', 'Open': 3783.0, 'High': 3783.5, 'Low': 3782.75, 'Close': 3783.25, 'Volume': 211}
2021-01-18 21:00:40,069|Contract details extracted 0,ES,FUT,202103,0.0,,,GLOBEX,,USD,,,False,,combo:
2021-01-18 21:00:45,074|last 5 mins data: {'Date': '20210118  20:55:00', 'Open': 3783.0, 'High': 3783.5, 'Low': 3782.75, 'Close': 3783.25, 'Volume': 211}
2021-01-18 21:00:45,075|Contract details extracted 0,ES,FUT,202103,0.0,,,GLOBEX,,USD,,,False,,combo:
2021-01-18 21:00:50,081|last 5 mins data: {'Date': '20210118  20:55:00', 'Open': 3783.0, 'High': 3783.5, 'Low': 3782.75, 'Close': 3783.25, 'Volume': 211}
2021-01-18 21:00:50,081|Contract details extracted 0,ES,FUT,202103,0.0,,,GLOBEX,,USD,,,False,,combo:
2021-01-18 21:00:55,087|last 5 mins data: {'Date': '20210118  20:55:00', 'Open': 3783.0, 'High': 3783.5, 'Low': 3782.75, 'Close': 3783.25, 'Volume': 211}
2021-01-18 21:00:55,087|Contract details extracted 0,ES,FUT,202103,0.0,,,GLOBEX,,USD,,,False,,combo:
2021-01-18 21:01:00,090|last 5 mins data: {'Date': '20210118  20:55:00', 'Open': 3783.0, 'High': 3783.5, 'Low': 3782.75, 'Close': 3783.25, 'Volume': 211}
2021-01-19 08:20:53,038|Contract details extracted 0,ES,FUT,202103,0.0,,,GLOBEX,,USD,,,False,,combo:
2021-01-19 08:21:32,995|Contract details extracted 0,ES,FUT,202103,0.0,,,GLOBEX,,USD,,,False,,combo:
2021-01-19 08:22:09,680|Contract details extracted 0,ES,FUT,202103,0.0,,,GLOBEX,,USD,,,False,,combo:
2021-01-19 08:22:14,684|last 5 mins data: {"1":{"182":{"Date":"20210119  08:10:00","Open":3787.75,"High":3788.5,"Low":3786.25,"Close":3788.0,"Volume":1667},"183":{"Date":"20210119  08:15:00","Open":3788.25,"High":3789.5,"Low":3788.0,"Close":3789.5,"Volume":2621}}}
2021-01-19 08:23:49,002|Contract details extracted 0,ES,FUT,202103,0.0,,,GLOBEX,,USD,,,False,,combo:
2021-01-19 08:23:54,009|last 5 mins data: {'182': {'Date': '20210119  08:10:00', 'Open': 3787.75, 'High': 3788.5, 'Low': 3786.25, 'Close': 3788.0, 'Volume': 1667}, '183': {'Date': '20210119  08:15:00', 'Open': 3788.25, 'High': 3789.5, 'Low': 3788.0, 'Close': 3789.5, 'Volume': 2621}}
2021-01-19 08:28:04,010|Contract details extracted 0,ES,FUT,202103,0.0,,,GLOBEX,,USD,,,False,,combo:
2021-01-19 08:28:09,016|last 5 mins data: {'368': {'Date': '20210119  08:15:00', 'Open': 3788.25, 'High': 3789.5, 'Low': 3788.0, 'Close': 3789.5, 'Volume': 2621}, '369': {'Date': '20210119  08:20:00', 'Open': 3789.25, 'High': 3790.0, 'Low': 3788.75, 'Close': 3789.5, 'Volume': 1963}}
2021-01-19 08:32:19,017|Contract details extracted 0,ES,FUT,202103,0.0,,,GLOBEX,,USD,,,False,,combo:
2021-01-19 08:32:24,024|last 5 mins data: {'555': {'Date': '20210119  08:20:00', 'Open': 3789.25, 'High': 3790.0, 'Low': 3788.75, 'Close': 3789.5, 'Volume': 1963}, '556': {'Date': '20210119  08:25:00', 'Open': 3789.25, 'High': 3789.5, 'Low': 3787.5, 'Close': 3788.25, 'Volume': 4521}}
2021-01-19 08:36:34,042|Contract details extracted 0,ES,FUT,202103,0.0,,,GLOBEX,,USD,,,False,,combo:
2021-01-19 08:36:39,049|last 5 mins data: {'743': {'Date': '20210119  08:25:00', 'Open': 3789.25, 'High': 3789.5, 'Low': 3787.5, 'Close': 3788.25, 'Volume': 4521}, '744': {'Date': '20210119  08:30:00', 'Open': 3788.25, 'High': 3792.5, 'Low': 3784.5, 'Close': 3786.0, 'Volume': 45622}}
2021-01-19 08:40:49,053|Contract details extracted 0,ES,FUT,202103,0.0,,,GLOBEX,,USD,,,False,,combo:
2021-01-19 08:40:54,058|last 5 mins data: {'932': {'Date': '20210119  08:30:00', 'Open': 3788.25, 'High': 3792.5, 'Low': 3784.5, 'Close': 3786.0, 'Volume': 45622}, '933': {'Date': '20210119  08:35:00', 'Open': 3786.25, 'High': 3787.75, 'Low': 3784.25, 'Close': 3785.5, 'Volume': 25289}}
2021-01-19 08:45:04,065|Contract details extracted 0,ES,FUT,202103,0.0,,,GLOBEX,,USD,,,False,,combo:
2021-01-19 08:45:09,069|last 5 mins data: {'1121': {'Date': '20210119  08:30:00', 'Open': 3788.25, 'High': 3792.5, 'Low': 3784.5, 'Close': 3786.0, 'Volume': 45622}, '1122': {'Date': '20210119  08:35:00', 'Open': 3786.25, 'High': 3787.75, 'Low': 3784.25, 'Close': 3785.5, 'Volume': 25289}}
2021-01-19 08:49:19,076|Contract details extracted 0,ES,FUT,202103,0.0,,,GLOBEX,,USD,,,False,,combo:
2021-01-19 08:49:24,079|last 5 mins data: {'1311': {'Date': '20210119  08:35:00', 'Open': 3786.25, 'High': 3787.75, 'Low': 3784.25, 'Close': 3785.5, 'Volume': 25289}, '1312': {'Date': '20210119  08:40:00', 'Open': 3785.5, 'High': 3787.25, 'Low': 3783.5, 'Close': 3783.75, 'Volume': 20262}}
2021-01-19 08:53:34,082|Contract details extracted 0,ES,FUT,202103,0.0,,,GLOBEX,,USD,,,False,,combo:
2021-01-19 08:53:39,086|last 5 mins data: {'1502': {'Date': '20210119  08:40:00', 'Open': 3785.5, 'High': 3787.25, 'Low': 3783.5, 'Close': 3783.75, 'Volume': 20262}, '1503': {'Date': '20210119  08:45:00', 'Open': 3783.5, 'High': 3785.75, 'Low': 3778.5, 'Close': 3779.25, 'Volume': 29020}}
2021-01-19 08:57:49,089|Contract details extracted 0,ES,FUT,202103,0.0,,,GLOBEX,,USD,,,False,,combo:
2021-01-19 08:57:54,092|last 5 mins data: {'1694': {'Date': '20210119  08:45:00', 'Open': 3783.5, 'High': 3785.75, 'Low': 3778.5, 'Close': 3779.25, 'Volume': 29020}, '1695': {'Date': '20210119  08:50:00', 'Open': 3779.25, 'High': 3780.75, 'Low': 3777.25, 'Close': 3778.25, 'Volume': 22934}}
2021-01-19 09:37:00,442|Contract details extracted 0,ES,FUT,202103,0.0,,,GLOBEX,,USD,,,False,,combo:
2021-01-19 09:37:05,449|last 5 mins data: {'197': {'Date': '20210119  09:25:00', 'Open': 3775.25, 'High': 3780.5, 'Low': 3775.0, 'Close': 3780.5, 'Volume': 14970}, '198': {'Date': '20210119  09:30:00', 'Open': 3780.5, 'High': 3781.75, 'Low': 3779.25, 'Close': 3781.0, 'Volume': 13652}}
2021-01-19 09:38:32,191|Contract details extracted 0,ES,FUT,202103,0.0,,,GLOBEX,,USD,,,False,,combo:
2021-01-19 09:38:37,198|last 5 mins data: {'197': {'Date': '20210119  09:25:00', 'Open': 3775.25, 'High': 3780.5, 'Low': 3775.0, 'Close': 3780.5, 'Volume': 14970}, '198': {'Date': '20210119  09:30:00', 'Open': 3780.5, 'High': 3781.75, 'Low': 3779.25, 'Close': 3781.0, 'Volume': 13652}}
2021-01-19 09:39:44,166|Contract details extracted 0,ES,FUT,202103,0.0,,,GLOBEX,,USD,,,False,,combo:
2021-01-19 09:39:49,172|last 5 mins data: {'197': {'Date': '20210119  09:25:00', 'Open': 3775.25, 'High': 3780.5, 'Low': 3775.0, 'Close': 3780.5, 'Volume': 14970}, '198': {'Date': '20210119  09:30:00', 'Open': 3780.5, 'High': 3781.75, 'Low': 3779.25, 'Close': 3781.0, 'Volume': 13652}}
2021-01-19 09:39:56,669|Contract details extracted 0,ES,FUT,202103,0.0,,,GLOBEX,,USD,,,False,,combo:
2021-01-19 09:40:01,676|last 5 mins data: {'197': {'Date': '20210119  09:25:00', 'Open': 3775.25, 'High': 3780.5, 'Low': 3775.0, 'Close': 3780.5, 'Volume': 14970}, '198': {'Date': '20210119  09:30:00', 'Open': 3780.5, 'High': 3781.75, 'Low': 3779.25, 'Close': 3781.0, 'Volume': 13652}}
2021-01-19 09:48:34,483|Contract details extracted 0,ES,FUT,202103,0.0,,,GLOBEX,,USD,,,False,,combo:
2021-01-19 09:48:39,488|last 5 mins data: {'199': {'Date': '20210119  09:35:00', 'Open': 3781.0, 'High': 3781.75, 'Low': 3779.25, 'Close': 3779.25, 'Volume': 8934}, '200': {'Date': '20210119  09:40:00', 'Open': 3779.25, 'High': 3784.0, 'Low': 3778.0, 'Close': 3784.0, 'Volume': 13330}}
